<?xml version="1.0" encoding="UTF-8"?>
<testng-results skipped="0" failed="0" total="1" passed="1">
  <reporter-output>
  </reporter-output>
  <suite name="Default suite" duration-ms="68892" started-at="2020-11-02T12:44:46Z" finished-at="2020-11-02T12:45:55Z">
    <groups>
    </groups>
    <test name="Default test" duration-ms="68892" started-at="2020-11-02T12:44:46Z" finished-at="2020-11-02T12:45:55Z">
      <class name="Com.Assignment_1.ReadPropertyFile">
        <test-method status="PASS" signature="setUp()[pri:0, instance:Com.Assignment_1.ReadPropertyFile@17c386de]" name="setUp" is-config="true" duration-ms="29096" started-at="2020-11-02T18:14:46Z" finished-at="2020-11-02T18:15:15Z">
          <reporter-output>
          </reporter-output>
        </test-method> <!-- setUp -->
        <test-method status="PASS" signature="signIn()[pri:0, instance:Com.Assignment_1.ReadPropertyFile@17c386de]" name="signIn" duration-ms="39734" started-at="2020-11-02T18:15:15Z" finished-at="2020-11-02T18:15:55Z">
          <reporter-output>
          </reporter-output>
        </test-method> <!-- signIn -->
      </class> <!-- Com.Assignment_1.ReadPropertyFile -->
    </test> <!-- Default test -->
  </suite> <!-- Default suite -->
</testng-results>
